<?xml version="1.0" encoding="UTF-8"?>
<testng-results skipped="0" failed="0" ignored="0" total="1" passed="1">
  <reporter-output>
  </reporter-output>
  <suite name="Default suite" duration-ms="2348" started-at="2022-10-04T10:51:22 IST" finished-at="2022-10-04T10:51:24 IST">
    <groups>
    </groups>
    <test name="Default test" duration-ms="2348" started-at="2022-10-04T10:51:22 IST" finished-at="2022-10-04T10:51:24 IST">
      <class name="validation.Headervslidation">
        <test-method status="PASS" signature="head()[pri:0, instance:validation.Headervslidation@86be70a]" name="head" duration-ms="2277" started-at="2022-10-04T10:51:22 IST" finished-at="2022-10-04T10:51:24 IST">
          <reporter-output>
          </reporter-output>
        </test-method> <!-- head -->
      </class> <!-- validation.Headervslidation -->
    </test> <!-- Default test -->
  </suite> <!-- Default suite -->
</testng-results>
